# JRE version: Java(TM) SE Runtime Environment (19.0.2+7) (build 19.0.2+7-44)
# Java VM: Java HotSpot(TM) 64-Bit Server VM (19.0.2+7-44, mixed mode, sharing, tiered, compressed oops, compressed class ptrs, g1 gc, windows-amd64)
GC Precious Log:
 CardTable entry size: 512
 Card Set container configuration: InlinePtr #cards 5 size 8 Array Of Cards #cards 12 size 40 Howl #buckets 4 coarsen threshold 1843 Howl Bitmap #cards 512 size 80 coarsen threshold 460 Card regions per heap region 1 cards per card region 2048
 CPUs: 8 total, 8 available
 Memory: 7932M
 Large Page Support: Disabled
 NUMA Support: Disabled
 Compressed Oops: Enabled (32-bit)
 Heap Region Size: 1M
 Heap Min Capacity: 8M
 Heap Initial Capacity: 124M
 Heap Max Capacity: 1984M
 Pre-touch: Disabled
 Parallel Workers: 8
 Concurrent Workers: 2
 Concurrent Refinement Workers: 8
 Periodic GC: Disabled
Heap:
 garbage-first heap   total 155648K, used 101484K [0x0000000084000000, 0x0000000100000000)
  region size 1024K, 16 young (16384K), 4 survivors (4096K)
 Metaspace       used 8281K, committed 8512K, reserved 1114112K
  class space    used 899K, committed 1024K, reserved 1048576K
GC Heap History (14 events):
Event: 0.183 GC heap before
{Heap before GC invocations=0 (full 0):
 garbage-first heap   total 126976K, used 6144K [0x0000000084000000, 0x0000000100000000)
  region size 1024K, 7 young (7168K), 0 survivors (0K)
 Metaspace       used 4583K, committed 4800K, reserved 1114112K
  class space    used 497K, committed 640K, reserved 1048576K
}
Event: 0.186 GC heap after
{Heap after GC invocations=1 (full 0):
 garbage-first heap   total 126976K, used 1664K [0x0000000084000000, 0x0000000100000000)
  region size 1024K, 2 young (2048K), 2 survivors (2048K)
 Metaspace       used 4583K, committed 4800K, reserved 1114112K
  class space    used 497K, committed 640K, reserved 1048576K
}
Event: 0.335 GC heap before
{Heap before GC invocations=1 (full 0):
 garbage-first heap   total 126976K, used 85632K [0x0000000084000000, 0x0000000100000000)
  region size 1024K, 22 young (22528K), 2 survivors (2048K)
 Metaspace       used 4715K, committed 4928K, reserved 1114112K
  class space    used 503K, committed 640K, reserved 1048576K
}
Event: 0.337 GC heap after
{Heap after GC invocations=2 (full 0):
 garbage-first heap   total 126976K, used 65142K [0x0000000084000000, 0x0000000100000000)
  region size 1024K, 2 young (2048K), 2 survivors (2048K)
 Metaspace       used 4715K, committed 4928K, reserved 1114112K
  class space    used 503K, committed 640K, reserved 1048576K
}
Event: 0.666 GC heap before
{Heap before GC invocations=2 (full 0):
 garbage-first heap   total 126976K, used 107126K [0x0000000084000000, 0x0000000100000000)
  region size 1024K, 44 young (45056K), 2 survivors (2048K)
 Metaspace       used 4716K, committed 4928K, reserved 1114112K
  class space    used 503K, committed 640K, reserved 1048576K
}
Event: 0.668 GC heap after
{Heap after GC invocations=3 (full 0):
 garbage-first heap   total 126976K, used 65140K [0x0000000084000000, 0x0000000100000000)
  region size 1024K, 2 young (2048K), 2 survivors (2048K)
 Metaspace       used 4716K, committed 4928K, reserved 1114112K
  class space    used 503K, committed 640K, reserved 1048576K
}
Event: 0.777 GC heap before
{Heap before GC invocations=4 (full 0):
 garbage-first heap   total 126976K, used 109172K [0x0000000084000000, 0x0000000100000000)
  region size 1024K, 46 young (47104K), 2 survivors (2048K)
 Metaspace       used 4716K, committed 4928K, reserved 1114112K
  class space    used 503K, committed 640K, reserved 1048576K
}
Event: 0.779 GC heap after
{Heap after GC invocations=5 (full 0):
 garbage-first heap   total 126976K, used 65140K [0x0000000084000000, 0x0000000100000000)
  region size 1024K, 2 young (2048K), 2 survivors (2048K)
 Metaspace       used 4716K, committed 4928K, reserved 1114112K
  class space    used 503K, committed 640K, reserved 1048576K
}
Event: 0.835 GC heap before
{Heap before GC invocations=5 (full 0):
 garbage-first heap   total 126976K, used 88692K [0x0000000084000000, 0x0000000100000000)
  region size 1024K, 27 young (27648K), 2 survivors (2048K)
 Metaspace       used 4753K, committed 4928K, reserved 1114112K
  class space    used 508K, committed 640K, reserved 1048576K
}
Event: 0.837 GC heap after
{Heap after GC invocations=6 (full 0):
 garbage-first heap   total 126976K, used 65068K [0x0000000084000000, 0x0000000100000000)
  region size 1024K, 2 young (2048K), 2 survivors (2048K)
 Metaspace       used 4753K, committed 4928K, reserved 1114112K
  class space    used 508K, committed 640K, reserved 1048576K
}
Event: 1.918 GC heap before
{Heap before GC invocations=7 (full 0):
 garbage-first heap   total 126976K, used 87596K [0x0000000084000000, 0x0000000100000000)
  region size 1024K, 15 young (15360K), 2 survivors (2048K)
 Metaspace       used 7063K, committed 7232K, reserved 1114112K
  class space    used 804K, committed 896K, reserved 1048576K
}
Event: 1.919 GC heap after
{Heap after GC invocations=8 (full 0):
 garbage-first heap   total 126976K, used 70568K [0x0000000084000000, 0x0000000100000000)
  region size 1024K, 2 young (2048K), 2 survivors (2048K)
 Metaspace       used 7063K, committed 7232K, reserved 1114112K
  class space    used 804K, committed 896K, reserved 1048576K
}
Event: 3.075 GC heap before
{Heap before GC invocations=9 (full 0):
 garbage-first heap   total 133120K, used 90024K [0x0000000084000000, 0x0000000100000000)
  region size 1024K, 14 young (14336K), 2 survivors (2048K)
 Metaspace       used 8168K, committed 8448K, reserved 1114112K
  class space    used 896K, committed 1024K, reserved 1048576K
}
Event: 3.078 GC heap after
{Heap after GC invocations=10 (full 0):
 garbage-first heap   total 133120K, used 79980K [0x0000000084000000, 0x0000000100000000)
  region size 1024K, 4 young (4096K), 4 survivors (4096K)
 Metaspace       used 8168K, committed 8448K, reserved 1114112K
  class space    used 896K, committed 1024K, reserved 1048576K
}

