# JRE version: Java(TM) SE Runtime Environment (19.0.2+7) (build 19.0.2+7-44)
# Java VM: Java HotSpot(TM) 64-Bit Server VM (19.0.2+7-44, mixed mode, sharing, tiered, compressed oops, compressed class ptrs, g1 gc, windows-amd64)
GC Precious Log:
 CardTable entry size: 512
 Card Set container configuration: InlinePtr #cards 5 size 8 Array Of Cards #cards 12 size 40 Howl #buckets 4 coarsen threshold 1843 Howl Bitmap #cards 512 size 80 coarsen threshold 460 Card regions per heap region 1 cards per card region 2048
 CPUs: 8 total, 8 available
 Memory: 7932M
 Large Page Support: Disabled
 NUMA Support: Disabled
 Compressed Oops: Enabled (32-bit)
 Heap Region Size: 1M
 Heap Min Capacity: 8M
 Heap Initial Capacity: 124M
 Heap Max Capacity: 1984M
 Pre-touch: Disabled
 Parallel Workers: 8
 Concurrent Workers: 2
 Concurrent Refinement Workers: 8
 Periodic GC: Disabled
Heap:
 garbage-first heap   total 215040K, used 138585K [0x0000000084000000, 0x0000000100000000)
  region size 1024K, 5 young (5120K), 4 survivors (4096K)
 Metaspace       used 8576K, committed 8768K, reserved 1114112K
  class space    used 941K, committed 1024K, reserved 1048576K
GC Heap History (14 events):
Event: 1.481 GC heap before
{Heap before GC invocations=0 (full 0):
 garbage-first heap   total 126976K, used 36864K [0x0000000084000000, 0x0000000100000000)
  region size 1024K, 19 young (19456K), 0 survivors (0K)
 Metaspace       used 8023K, committed 8256K, reserved 1114112K
  class space    used 891K, committed 1024K, reserved 1048576K
}
Event: 1.484 GC heap after
{Heap after GC invocations=1 (full 0):
 garbage-first heap   total 126976K, used 20833K [0x0000000084000000, 0x0000000100000000)
  region size 1024K, 3 young (3072K), 3 survivors (3072K)
 Metaspace       used 8023K, committed 8256K, reserved 1114112K
  class space    used 891K, committed 1024K, reserved 1048576K
}
Event: 1.645 GC heap before
{Heap before GC invocations=1 (full 0):
 garbage-first heap   total 200704K, used 144737K [0x0000000084000000, 0x0000000100000000)
  region size 1024K, 34 young (34816K), 3 survivors (3072K)
 Metaspace       used 8034K, committed 8256K, reserved 1114112K
  class space    used 891K, committed 1024K, reserved 1048576K
}
Event: 1.647 GC heap after
{Heap after GC invocations=2 (full 0):
 garbage-first heap   total 200704K, used 114073K [0x0000000084000000, 0x0000000100000000)
  region size 1024K, 3 young (3072K), 3 survivors (3072K)
 Metaspace       used 8034K, committed 8256K, reserved 1114112K
  class space    used 891K, committed 1024K, reserved 1048576K
}
Event: 1.887 GC heap before
{Heap before GC invocations=2 (full 0):
 garbage-first heap   total 200704K, used 171417K [0x0000000084000000, 0x0000000100000000)
  region size 1024K, 60 young (61440K), 3 survivors (3072K)
 Metaspace       used 8034K, committed 8256K, reserved 1114112K
  class space    used 891K, committed 1024K, reserved 1048576K
}
Event: 1.889 GC heap after
{Heap after GC invocations=3 (full 0):
 garbage-first heap   total 200704K, used 114013K [0x0000000084000000, 0x0000000100000000)
  region size 1024K, 3 young (3072K), 3 survivors (3072K)
 Metaspace       used 8034K, committed 8256K, reserved 1114112K
  class space    used 891K, committed 1024K, reserved 1048576K
}
Event: 2.005 GC heap before
{Heap before GC invocations=4 (full 0):
 garbage-first heap   total 200704K, used 174429K [0x0000000084000000, 0x0000000100000000)
  region size 1024K, 63 young (64512K), 3 survivors (3072K)
 Metaspace       used 8034K, committed 8256K, reserved 1114112K
  class space    used 891K, committed 1024K, reserved 1048576K
}
Event: 2.007 GC heap after
{Heap after GC invocations=5 (full 0):
 garbage-first heap   total 200704K, used 113944K [0x0000000084000000, 0x0000000100000000)
  region size 1024K, 3 young (3072K), 3 survivors (3072K)
 Metaspace       used 8034K, committed 8256K, reserved 1114112K
  class space    used 891K, committed 1024K, reserved 1048576K
}
Event: 2.075 GC heap before
{Heap before GC invocations=5 (full 0):
 garbage-first heap   total 200704K, used 146712K [0x0000000084000000, 0x0000000100000000)
  region size 1024K, 37 young (37888K), 3 survivors (3072K)
 Metaspace       used 8045K, committed 8256K, reserved 1114112K
  class space    used 893K, committed 1024K, reserved 1048576K
}
Event: 2.077 GC heap after
{Heap after GC invocations=6 (full 0):
 garbage-first heap   total 200704K, used 114082K [0x0000000084000000, 0x0000000100000000)
  region size 1024K, 3 young (3072K), 3 survivors (3072K)
 Metaspace       used 8045K, committed 8256K, reserved 1114112K
  class space    used 893K, committed 1024K, reserved 1048576K
}
Event: 3.691 GC heap before
{Heap before GC invocations=7 (full 0):
 garbage-first heap   total 201728K, used 134562K [0x0000000084000000, 0x0000000100000000)
  region size 1024K, 14 young (14336K), 3 survivors (3072K)
 Metaspace       used 8171K, committed 8384K, reserved 1114112K
  class space    used 909K, committed 1024K, reserved 1048576K
}
Event: 3.694 GC heap after
{Heap after GC invocations=8 (full 0):
 garbage-first heap   total 201728K, used 119134K [0x0000000084000000, 0x0000000100000000)
  region size 1024K, 3 young (3072K), 3 survivors (3072K)
 Metaspace       used 8171K, committed 8384K, reserved 1114112K
  class space    used 909K, committed 1024K, reserved 1048576K
}
Event: 4.415 GC heap before
{Heap before GC invocations=9 (full 0):
 garbage-first heap   total 215040K, used 137566K [0x0000000084000000, 0x0000000100000000)
  region size 1024K, 14 young (14336K), 3 survivors (3072K)
 Metaspace       used 8576K, committed 8768K, reserved 1114112K
  class space    used 941K, committed 1024K, reserved 1048576K
}
Event: 4.418 GC heap after
{Heap after GC invocations=10 (full 0):
 garbage-first heap   total 215040K, used 128345K [0x0000000084000000, 0x0000000100000000)
  region size 1024K, 4 young (4096K), 4 survivors (4096K)
 Metaspace       used 8576K, committed 8768K, reserved 1114112K
  class space    used 941K, committed 1024K, reserved 1048576K
}

